<?xml version="1.0" encoding="UTF-8"?>
<persistence version="2.0" xmlns="http://java.sun.com/xml/ns/persistence" xmlns:xsi="http://www.w3.org/2001/XMLSchema-instance" xsi:schemaLocation="http://java.sun.com/xml/ns/persistence http://java.sun.com/xml/ns/persistence/persistence_2_0.xsd">
    <persistence-unit name="MROZA_PU" transaction-type="JTA">
        <provider>org.hibernate.ejb.HibernatePersistence</provider>
        <jta-data-source>java:jboss/datasources/ExampleDS</jta-data-source>
        <exclude-unlisted-classes>false</exclude-unlisted-classes>
        <shared-cache-mode>NONE</shared-cache-mode>
        <properties>            
            <property name="hibernate.hbm2ddl.auto" value="create-drop"/>            
            <property name="hibernate.show_sql" value="true"/>            
        </properties>
        <class>com.mroza.models.Kid</class>
        <class>com.mroza.models.Period</class>
        <class>com.mroza.models.Program</class>
        <class>com.mroza.models.Table</class>
        <class>com.mroza.models.TableRow</class>
        <class>com.mroza.models.TableField</class>
        <class>com.mroza.models.KidTable</class>
        <class>com.mroza.models.ResolvedField</class>
    </persistence-unit>
</persistence>
